Traceback (most recent call last):
  File "/Users/tsauter/venv/totoro/lib/python3.8/site-packages/jupyter_cache/executors/utils.py", line 51, in single_nb_execution
    executenb(
  File "/Users/tsauter/venv/totoro/lib/python3.8/site-packages/nbclient/client.py", line 1204, in execute
    return NotebookClient(nb=nb, resources=resources, km=km, **kwargs).execute()
  File "/Users/tsauter/venv/totoro/lib/python3.8/site-packages/nbclient/util.py", line 84, in wrapped
    return just_run(coro(*args, **kwargs))
  File "/Users/tsauter/venv/totoro/lib/python3.8/site-packages/nbclient/util.py", line 62, in just_run
    return loop.run_until_complete(coro)
  File "/Library/Developer/CommandLineTools/Library/Frameworks/Python3.framework/Versions/3.8/lib/python3.8/asyncio/base_events.py", line 616, in run_until_complete
    return future.result()
  File "/Users/tsauter/venv/totoro/lib/python3.8/site-packages/nbclient/client.py", line 663, in async_execute
    await self.async_execute_cell(
  File "/Users/tsauter/venv/totoro/lib/python3.8/site-packages/nbclient/client.py", line 965, in async_execute_cell
    await self._check_raise_for_error(cell, cell_index, exec_reply)
  File "/Users/tsauter/venv/totoro/lib/python3.8/site-packages/nbclient/client.py", line 862, in _check_raise_for_error
    raise CellExecutionError.from_cell_and_msg(cell, exec_reply_content)
nbclient.exceptions.CellExecutionError: An error occurred while executing the following cell:
------------------
Nz = 200
H = 500
integration = 86400*3
dt = 1

phi1, cov, x, z, u, K, c, d = boundary_layer(w=-0.001, K=0.25, integration=integration, dt=dt, Nz=Nz, H=H)

# Create 2D mesh grid
ax = make_plot(phi1, x=x, z=z, levels=21, title='Theta', unit='K', xlab='Hours', zlab='Height', cmap='RdBu_r')

# Correct the ticks
ax.set_xticks(x[x%(3600*6)==0]);
ax.set_xticklabels(list(map(str,(x[x%(3600*6)==0]/3600))), size=10, weight='normal');
------------------

[0;31m---------------------------------------------------------------------------[0m
[0;31mNameError[0m                                 Traceback (most recent call last)
Input [0;32mIn [9][0m, in [0;36m<cell line: 6>[0;34m()[0m
[1;32m      3[0m integration [38;5;241m=[39m [38;5;241m86400[39m[38;5;241m*[39m[38;5;241m3[39m
[1;32m      4[0m dt [38;5;241m=[39m [38;5;241m1[39m
[0;32m----> 6[0m phi1, cov, x, z, u, K, c, d [38;5;241m=[39m [43mboundary_layer[49m[43m([49m[43mw[49m[38;5;241;43m=[39;49m[38;5;241;43m-[39;49m[38;5;241;43m0.001[39;49m[43m,[49m[43m [49m[43mK[49m[38;5;241;43m=[39;49m[38;5;241;43m0.25[39;49m[43m,[49m[43m [49m[43mintegration[49m[38;5;241;43m=[39;49m[43mintegration[49m[43m,[49m[43m [49m[43mdt[49m[38;5;241;43m=[39;49m[43mdt[49m[43m,[49m[43m [49m[43mNz[49m[38;5;241;43m=[39;49m[43mNz[49m[43m,[49m[43m [49m[43mH[49m[38;5;241;43m=[39;49m[43mH[49m[43m)[49m
[1;32m      8[0m [38;5;66;03m# Create 2D mesh grid[39;00m
[1;32m      9[0m ax [38;5;241m=[39m make_plot(phi1, x[38;5;241m=[39mx, z[38;5;241m=[39mz, levels[38;5;241m=[39m[38;5;241m21[39m, title[38;5;241m=[39m[38;5;124m'[39m[38;5;124mTheta[39m[38;5;124m'[39m, unit[38;5;241m=[39m[38;5;124m'[39m[38;5;124mK[39m[38;5;124m'[39m, xlab[38;5;241m=[39m[38;5;124m'[39m[38;5;124mHours[39m[38;5;124m'[39m, zlab[38;5;241m=[39m[38;5;124m'[39m[38;5;124mHeight[39m[38;5;124m'[39m, cmap[38;5;241m=[39m[38;5;124m'[39m[38;5;124mRdBu_r[39m[38;5;124m'[39m)

Input [0;32mIn [7][0m, in [0;36mboundary_layer[0;34m(w, K, integration, dt, Nz, H)[0m
[1;32m     41[0m theta[Nz[38;5;241m-[39m[38;5;241m1[39m] [38;5;241m=[39m theta[Nz[38;5;241m-[39m[38;5;241m2[39m] [38;5;241m+[39m [38;5;241m0.01[39m [38;5;241m*[39m dz
[1;32m     43[0m [38;5;66;03m# Set BC surface[39;00m
[0;32m---> 44[0m theta[[38;5;241m0[39m] [38;5;241m=[39m [38;5;241m290[39m [38;5;241m+[39m [38;5;241m10.0[39m [38;5;241m*[39m np[38;5;241m.[39msin(([38;5;241m2[39m[38;5;241m*[39m[43mpi[49m[38;5;241m*[39mt)[38;5;241m/[39m[38;5;241m86400[39m)
[1;32m     46[0m [38;5;66;03m# Update flux[39;00m
[1;32m     47[0m theta[k] [38;5;241m=[39m ([38;5;241m1[39m[38;5;241m-[39m[38;5;241m2[39m[38;5;241m*[39md)[38;5;241m*[39mtheta[k] [38;5;241m+[39m (d[38;5;241m-[39m(c[38;5;241m/[39m[38;5;241m2[39m))[38;5;241m*[39mtheta[kr] [38;5;241m+[39m (d[38;5;241m+[39m(c[38;5;241m/[39m[38;5;241m2[39m))[38;5;241m*[39mtheta[kl]

[0;31mNameError[0m: name 'pi' is not defined
NameError: name 'pi' is not defined

