Traceback (most recent call last):
  File "/Users/tsauter/venv/totoro/lib/python3.8/site-packages/jupyter_cache/executors/utils.py", line 51, in single_nb_execution
    executenb(
  File "/Users/tsauter/venv/totoro/lib/python3.8/site-packages/nbclient/client.py", line 1204, in execute
    return NotebookClient(nb=nb, resources=resources, km=km, **kwargs).execute()
  File "/Users/tsauter/venv/totoro/lib/python3.8/site-packages/nbclient/util.py", line 84, in wrapped
    return just_run(coro(*args, **kwargs))
  File "/Users/tsauter/venv/totoro/lib/python3.8/site-packages/nbclient/util.py", line 62, in just_run
    return loop.run_until_complete(coro)
  File "/Library/Developer/CommandLineTools/Library/Frameworks/Python3.framework/Versions/3.8/lib/python3.8/asyncio/base_events.py", line 616, in run_until_complete
    return future.result()
  File "/Users/tsauter/venv/totoro/lib/python3.8/site-packages/nbclient/client.py", line 663, in async_execute
    await self.async_execute_cell(
  File "/Users/tsauter/venv/totoro/lib/python3.8/site-packages/nbclient/client.py", line 965, in async_execute_cell
    await self._check_raise_for_error(cell, cell_index, exec_reply)
  File "/Users/tsauter/venv/totoro/lib/python3.8/site-packages/nbclient/client.py", line 862, in _check_raise_for_error
    raise CellExecutionError.from_cell_and_msg(cell, exec_reply_content)
nbclient.exceptions.CellExecutionError: An error occurred while executing the following cell:
------------------
# Integrate the EBM and store the values
yrs, Ts289, dT, netQ = ebm_ice_albedo_stochastic_ECS(289, Q=342, Cw=2*10**8, \
                                                     alpha=0.30, tau=0.608, years=50)


# Calculate the ECS from the regression line and print the result
print('The ECS is {:.2f} ºC'.format(-b/m))
print('The feedback factor is {:.2f}, which implies a negative feedback'.format(-m/b))
------------------

[0;31m---------------------------------------------------------------------------[0m
[0;31mNameError[0m                                 Traceback (most recent call last)
Input [0;32mIn [15][0m, in [0;36m<cell line: 7>[0;34m()[0m
[1;32m      2[0m yrs, Ts289, dT, netQ [38;5;241m=[39m ebm_ice_albedo_stochastic_ECS([38;5;241m289[39m, Q[38;5;241m=[39m[38;5;241m342[39m, Cw[38;5;241m=[39m[38;5;241m2[39m[38;5;241m*[39m[38;5;241m10[39m[38;5;241m*[39m[38;5;241m*[39m[38;5;241m8[39m, \
[1;32m      3[0m                                                      alpha[38;5;241m=[39m[38;5;241m0.30[39m, tau[38;5;241m=[39m[38;5;241m0.608[39m, years[38;5;241m=[39m[38;5;241m50[39m)
[1;32m      6[0m [38;5;66;03m# Calculate the ECS from the regression line and print the result[39;00m
[0;32m----> 7[0m [38;5;28mprint[39m([38;5;124m'[39m[38;5;124mThe ECS is [39m[38;5;132;01m{:.2f}[39;00m[38;5;124m ºC[39m[38;5;124m'[39m[38;5;241m.[39mformat([38;5;241m-[39m[43mb[49m[38;5;241m/[39mm))
[1;32m      8[0m [38;5;28mprint[39m([38;5;124m'[39m[38;5;124mThe feedback factor is [39m[38;5;132;01m{:.2f}[39;00m[38;5;124m, which implies a negative feedback[39m[38;5;124m'[39m[38;5;241m.[39mformat([38;5;241m-[39mm[38;5;241m/[39mb))

[0;31mNameError[0m: name 'b' is not defined
NameError: name 'b' is not defined

